<?xml version="1.0" encoding="UTF-8"?>
<coverage generated="1701337348778" clover="3.2.0">
  <project timestamp="1701337348779" name="All files">
    <metrics statements="51" coveredstatements="47" conditionals="20" coveredconditionals="16" methods="9" coveredmethods="9" elements="80" coveredelements="72" complexity="0" loc="51" ncloc="51" packages="1" files="2" classes="2"/>
    <file name="route.js" path="C:\0FILES\COURSE\week5\4_1_mission1\dist\route.js">
      <metrics statements="39" coveredstatements="35" conditionals="13" coveredconditionals="10" methods="7" coveredmethods="7"/>
      <line num="2" count="1" type="cond" truecount="3" falsecount="0"/>
      <line num="3" count="1" type="cond" truecount="3" falsecount="1"/>
      <line num="5" count="1" type="stmt"/>
      <line num="6" count="1" type="stmt"/>
      <line num="7" count="1" type="stmt"/>
      <line num="8" count="1" type="stmt"/>
      <line num="9" count="1" type="stmt"/>
      <line num="10" count="1" type="stmt"/>
      <line num="11" count="1" type="stmt"/>
      <line num="12" count="1" type="stmt"/>
      <line num="14" count="1" type="stmt"/>
      <line num="15" count="1" type="stmt"/>
      <line num="16" count="1" type="stmt"/>
      <line num="17" count="1" type="stmt"/>
      <line num="18" count="1" type="stmt"/>
      <line num="19" count="1" type="stmt"/>
      <line num="20" count="1" type="stmt"/>
      <line num="23" count="0" type="stmt"/>
      <line num="24" count="0" type="stmt"/>
      <line num="27" count="1" type="stmt"/>
      <line num="32" count="1" type="stmt"/>
      <line num="33" count="1" type="stmt"/>
      <line num="36" count="1" type="stmt"/>
      <line num="41" count="2" type="stmt"/>
      <line num="44" count="1" type="stmt"/>
      <line num="45" count="1" type="stmt"/>
      <line num="46" count="1" type="stmt"/>
      <line num="48" count="1" type="stmt"/>
      <line num="49" count="5" type="stmt"/>
      <line num="52" count="1" type="stmt"/>
      <line num="54" count="1" type="stmt"/>
      <line num="56" count="1" type="stmt"/>
      <line num="60" count="5" type="cond" truecount="1" falsecount="1"/>
      <line num="61" count="0" type="stmt"/>
      <line num="63" count="5" type="stmt"/>
      <line num="64" count="5" type="cond" truecount="3" falsecount="1"/>
      <line num="65" count="5" type="stmt"/>
      <line num="68" count="0" type="stmt"/>
      <line num="71" count="1" type="stmt"/>
    </file>
    <file name="server.js" path="C:\0FILES\COURSE\week5\4_1_mission1\dist\server.js">
      <metrics statements="12" coveredstatements="12" conditionals="7" coveredconditionals="6" methods="2" coveredmethods="2"/>
      <line num="2" count="1" type="cond" truecount="3" falsecount="0"/>
      <line num="3" count="2" type="cond" truecount="3" falsecount="1"/>
      <line num="5" count="1" type="stmt"/>
      <line num="6" count="1" type="stmt"/>
      <line num="7" count="1" type="stmt"/>
      <line num="8" count="1" type="stmt"/>
      <line num="9" count="1" type="stmt"/>
      <line num="10" count="1" type="stmt"/>
      <line num="11" count="1" type="stmt"/>
      <line num="12" count="1" type="stmt"/>
      <line num="14" count="1" type="stmt"/>
      <line num="15" count="1" type="stmt"/>
    </file>
  </project>
</coverage>
